2025-03-20 05:55:04 | Artist: UnknownArtist | Title: Travis_Scott_-_My_Eyes_-__Second_Half_Extended__[_YouConvert.net_]
2025-03-20 05:55:04 | Artist: UnknownArtist | Title: Travis_Scott_-_My_Eyes_-__Second_Half_Extended__[_YouConvert.net_]
2025-03-20 05:57:56 | Artist: UnknownArtist | Title: 07. Wizardry!
2025-03-20 05:57:56 | Artist: UnknownArtist | Title: 07. Wizardry!
2025-03-20 05:58:19 | Artist: UnknownArtist | Title: 07. NEW APPROACH
2025-03-20 05:58:19 | Artist: UnknownArtist | Title: 07. NEW APPROACH
2025-03-20 06:11:58 | Artist: UnknownArtist | Title: 01. Rabbit Hole
2025-03-20 06:11:59 | Artist: UnknownArtist | Title: 01. Rabbit Hole
2025-03-20 06:21:41 | Artist: UnknownArtist | Title: 01. Downlord
2025-03-20 06:22:38 | Artist: UnknownArtist | Title: 01. Wrong and Right
2025-03-20 06:23:17 | Artist: UnknownArtist | Title: 03. Where's the Forest
2025-03-20 06:23:35 | Artist: UnknownArtist | Title: 03. Inspirit
2025-03-20 06:24:27 | Artist: UnknownArtist | Title: 06. BIG TORNADO
2025-03-20 06:25:58 | Artist: UnknownArtist | Title: 05. Who Are They
2025-03-20 06:32:57 | Artist: UnknownArtist | Title: 17. 187Invitation
2025-03-20 06:33:30 | Artist: UnknownArtist | Title: 18. Powder
2025-03-20 06:33:55 | Artist: UnknownArtist | Title: 23. NOT MLEMPHIS 1995
2025-03-20 06:34:43 | Artist: UnknownArtist | Title: 24. TOWN
2025-03-20 06:35:26 | Artist: UnknownArtist | Title: 31. Phonk
2025-03-20 07:05:15 | Artist: UnknownArtist | Title: 06. Old Enough To Rock And Roll - Rainey Haynes
2025-03-20 15:13:43 | Artist: UnknownArtist | Title: 01. Little Town
2025-03-20 21:55:17 | Artist: Kinneret | Title: NEW APPROACH
2025-03-20 21:56:15 | Artist: Kinneret | Title: NEW APPROACH
